<?xml version="1.0" encoding="UTF-8"?>
<testng-results ignored="0" total="1" passed="1" failed="0" skipped="0">
  <reporter-output>
  </reporter-output>
  <suite started-at="2025-05-09T13:57:14 IST" name="Default suite" finished-at="2025-05-09T13:57:20 IST" duration-ms="5660">
    <groups>
    </groups>
    <test started-at="2025-05-09T13:57:14 IST" name="Default test" finished-at="2025-05-09T13:57:20 IST" duration-ms="5660">
      <class name="testScript.LoginTest">
        <test-method is-config="true" signature="initializeBrowser()[pri:0, instance:testScript.LoginTest@3b0fe47a]" started-at="2025-05-09T13:57:14 IST" name="initializeBrowser" finished-at="2025-05-09T13:57:17 IST" duration-ms="3412" status="PASS">
          <reporter-output>
          </reporter-output>
        </test-method> <!-- initializeBrowser -->
        <test-method signature="verifyUserCanSucessfullyLoginWithValidCreditionals()[pri:0, instance:testScript.LoginTest@3b0fe47a]" started-at="2025-05-09T13:57:17 IST" name="verifyUserCanSucessfullyLoginWithValidCreditionals" finished-at="2025-05-09T13:57:20 IST" duration-ms="2158" status="PASS">
          <reporter-output>
          </reporter-output>
        </test-method> <!-- verifyUserCanSucessfullyLoginWithValidCreditionals -->
        <test-method is-config="true" signature="driverCloseandQuit()[pri:0, instance:testScript.LoginTest@3b0fe47a]" started-at="2025-05-09T13:57:20 IST" name="driverCloseandQuit" finished-at="2025-05-09T13:57:20 IST" duration-ms="1" status="PASS">
          <reporter-output>
          </reporter-output>
        </test-method> <!-- driverCloseandQuit -->
      </class> <!-- testScript.LoginTest -->
    </test> <!-- Default test -->
  </suite> <!-- Default suite -->
</testng-results>
