<?xml version="1.0" encoding="UTF-8"?>
<!-- Generated by org.testng.reporters.JUnitXMLReporter -->
<testsuite ignored="3" hostname="Midhun" failures="0" tests="1" name="Default test" time="5.66" errors="0" timestamp="2025-05-09T13:57:20 IST">
  <testcase classname="testScript.LoginTest" name="verifyUserCanSucessfullyLoginWithValidCreditionals" time="2.158"/>
  <testcase classname="testScript.LoginTest" name="verifyUserCanSucessfullyLoginWithInvalidUsernameValidpwd" time="0.0">
    <ignored/>
  </testcase> <!-- verifyUserCanSucessfullyLoginWithInvalidUsernameValidpwd -->
  <testcase classname="testScript.LoginTest" name="verifyUserCanSucessfullyLoginWithValidUsernameInvalidpwd" time="0.0">
    <ignored/>
  </testcase> <!-- verifyUserCanSucessfullyLoginWithValidUsernameInvalidpwd -->
  <testcase classname="testScript.LoginTest" name="verifyUserCanSucessfullyLoginWithInvalidUsernameInvalidpwd" time="0.0">
    <ignored/>
  </testcase> <!-- verifyUserCanSucessfullyLoginWithInvalidUsernameInvalidpwd -->
</testsuite> <!-- Default test -->
